Running: /opt/Xilinx/14.7/ISE_DS/ISE/bin/lin64/unwrapped/fuse -intstyle ise -incremental -lib unisims_ver -lib unimacro_ver -lib xilinxcorelib_ver -lib secureip -o /home/ise/CodeISE/demux_1_to_4_en/demux_1_to_4_tb_isim_beh.exe -prj /home/ise/CodeISE/demux_1_to_4_en/demux_1_to_4_tb_beh.prj work.demux_1_to_4_tb work.glbl 
ISim P.20131013 (signature 0xfbc00daa)
Number of CPUs detected in this system: 1
Turning on mult-threading, number of parallel sub-compilation jobs: 0 
Determining compilation order of HDL files
Analyzing Verilog file "/home/ise/CodeISE/demux_1_to_4_en/demux_1_to_4.v" into library work
Analyzing Verilog file "/home/ise/CodeISE/demux_1_to_4_en/demux_1_to_4_tb.v" into library work
Analyzing Verilog file "/opt/Xilinx/14.7/ISE_DS/ISE//verilog/src/glbl.v" into library work
Starting static elaboration
Completed static elaboration
Fuse Memory Usage: 94916 KB
Fuse CPU Usage: 990 ms
Compiling module demux_1_to_4
Compiling module demux_1_to_4_tb
Compiling module glbl
Time Resolution for simulation is 1ps.
Compiled 3 Verilog Units
Built simulation executable /home/ise/CodeISE/demux_1_to_4_en/demux_1_to_4_tb_isim_beh.exe
Fuse Memory Usage: 98012 KB
Fuse CPU Usage: 1030 ms
GCC CPU Usage: 190 ms
